<?xml version="1.0" encoding="UTF-8"?>
<!-- Generated by org.testng.reporters.JUnitReportReporter -->
<testsuite skipped="0" hostname="ISCHLAPHP17131" name="APIBasics" tests="1" failures="0" timestamp="10 Jan 2018 09:42:51 GMT" time="3.094" errors="0">
  <testcase name="test1" time="3.094" classname="APIBasics"/>
</testsuite> <!-- APIBasics -->
