<?xml version="1.0" encoding="UTF-8"?>
<!-- Generated by org.testng.reporters.JUnitReportReporter -->
<testsuite skipped="0" hostname="ISCHLAPHP17131" name="APIBasics2_Xml" tests="2" failures="0" timestamp="09 Feb 2018 13:54:44 GMT" time="5.166" errors="0">
  <testcase name="postData" time="0.293" classname="APIBasics2_Xml"/>
  <testcase name="postData" time="4.873" classname="APIBasics2_Xml"/>
</testsuite> <!-- APIBasics2_Xml -->
