<?xml version="1.0" encoding="UTF-8"?>
<!-- Generated by org.testng.reporters.JUnitReportReporter -->
<testsuite skipped="0" hostname="ISCHLAPHP17131" name="APIBasics3" tests="1" failures="0" timestamp="10 Jan 2018 12:48:55 GMT" time="24.643" errors="0">
  <testcase name="Add_DeletePlace" time="24.643" classname="APIBasics3"/>
</testsuite> <!-- APIBasics3 -->
