<?xml version="1.0" encoding="UTF-8"?>
<!-- Generated by org.testng.reporters.JUnitReportReporter -->
<testsuite hostname="DESKTOP-2PFO99T" failures="0" tests="1" name="APIBasics3" time="2.363" errors="0" timestamp="27 Nov 2017 12:46:59 GMT" skipped="0">
  <testcase classname="APIBasics3" name="Add_DeletePlace" time="2.363"/>
</testsuite> <!-- APIBasics3 -->
