<?xml version="1.0" encoding="UTF-8"?>
<!-- Generated by org.testng.reporters.JUnitReportReporter -->
<testsuite skipped="0" hostname="ISCHLAPHP17131" name="APIBasics2" tests="1" failures="0" timestamp="10 Jan 2018 12:35:28 GMT" time="2.861" errors="0">
  <testcase name="postData" time="2.861" classname="APIBasics2"/>
</testsuite> <!-- APIBasics2 -->
