<?xml version="1.0" encoding="UTF-8"?>
<!-- Generated by org.testng.reporters.JUnitReportReporter -->
<testsuite hostname="DESKTOP-2PFO99T" failures="0" tests="1" name="APIBasics2" time="2.217" errors="0" timestamp="27 Nov 2017 10:42:56 GMT" skipped="0">
  <testcase classname="APIBasics2" name="postData" time="2.217"/>
</testsuite> <!-- APIBasics2 -->
