<?xml version="1.0" encoding="UTF-8"?>
<!-- Generated by org.testng.reporters.JUnitReportReporter -->
<testsuite skipped="0" hostname="ISCHLAPHP17131" name="tweet" tests="1" failures="0" timestamp="17 Jan 2018 12:39:57 GMT" time="9.152" errors="0">
  <testcase name="Get_Tweet" time="9.152" classname="tweet"/>
</testsuite> <!-- tweet -->
