<?xml version="1.0" encoding="UTF-8"?>
<!-- Generated by org.testng.reporters.JUnitReportReporter -->
<testsuite skipped="0" hostname="ISCHLAPHP17131" name="Twitter_GET" tests="3" failures="0" timestamp="17 Jan 2018 13:16:30 GMT" time="4.826" errors="0">
  <testcase name="Create_Tweet" time="3.219" classname="Twitter_GET"/>
  <testcase name="Get_Tweets" time="0.564" classname="Twitter_GET"/>
  <testcase name="Delete_Tweet" time="1.043" classname="Twitter_GET"/>
</testsuite> <!-- Twitter_GET -->
