<?xml version="1.0" encoding="UTF-8"?>
<!-- Generated by org.testng.reporters.JUnitReportReporter -->
<testsuite hostname="DESKTOP-2PFO99T" failures="0" tests="1" name="APIBasics2_Xml" time="2.541" errors="0" timestamp="27 Nov 2017 13:57:57 GMT" skipped="0">
  <testcase classname="APIBasics2_Xml" name="postData" time="2.541"/>
</testsuite> <!-- APIBasics2_Xml -->
