<?xml version="1.0" encoding="UTF-8"?>
<!-- Generated by org.testng.reporters.JUnitReportReporter -->
<testsuite skipped="0" hostname="ISCHLAPHP17131" name="APIBasics4" tests="1" failures="0" timestamp="11 Jan 2018 08:49:58 GMT" time="3.330" errors="0">
  <testcase name="test1" time="3.330" classname="APIBasics4"/>
</testsuite> <!-- APIBasics4 -->
