<?xml version="1.0" encoding="UTF-8"?>
<!-- Generated by org.testng.reporters.JUnitReportReporter -->
<testsuite skipped="0" hostname="ISCHLAPHP17131" name="Twitter_GET" tests="3" failures="0" timestamp="06 Feb 2018 13:06:03 GMT" time="4.571" errors="0">
  <testcase name="Create_Tweet" time="2.843" classname="Twitter_GET"/>
  <testcase name="Get_Tweets" time="0.654" classname="Twitter_GET"/>
  <testcase name="Delete_Tweet" time="1.074" classname="Twitter_GET"/>
</testsuite> <!-- Twitter_GET -->
