<?xml version="1.0" encoding="UTF-8"?>
<!-- Generated by org.testng.reporters.JUnitReportReporter -->
<testsuite skipped="0" hostname="ISCHLAPHP17131" name="testScripts.JavaScriptExecuter2" tests="1" failures="0" timestamp="18 Feb 2018 15:22:29 GMT" time="11.900" errors="0">
  <testcase name="javascripttest" time="11.900" classname="testScripts.JavaScriptExecuter2"/>
</testsuite> <!-- testScripts.JavaScriptExecuter2 -->
