<?xml version="1.0" encoding="UTF-8"?>
<!-- Generated by org.testng.reporters.JUnitReportReporter -->
<testsuite hostname="DESKTOP-2PFO99T" failures="0" tests="1" name="APIBasics4" time="3.730" errors="0" timestamp="27 Nov 2017 15:38:15 GMT" skipped="0">
  <testcase classname="APIBasics4" name="test1" time="3.730"/>
</testsuite> <!-- APIBasics4 -->
