<?xml version="1.0" encoding="UTF-8"?>
<!-- Generated by org.testng.reporters.JUnitReportReporter -->
<testsuite skipped="0" hostname="ISCHLAPHP17131" name="testScripts.APIBasics2_Xml" tests="2" failures="0" timestamp="10 Feb 2018 17:34:23 GMT" time="3.311" errors="0">
  <testcase name="postData" time="0.368" classname="testScripts.APIBasics2_Xml"/>
  <testcase name="postData" time="2.943" classname="testScripts.APIBasics2_Xml"/>
</testsuite> <!-- testScripts.APIBasics2_Xml -->
